1 1.0000 0.0000 0.5000 0.4554
1 1.0000 0.0000 0.5000 0.4554
2 0.9897 0.0000 0.5000 0.5529
3 1.0000 0.0000 0.5000 0.4688
4 1.0000 0.0000 0.5000 0.5036
5 1.0000 0.0000 0.5000 0.5250
6 1.0000 0.0000 0.5000 0.4802
7 1.0000 0.0000 0.5000 0.4635
8 1.0000 0.0000 0.5000 0.4299
9 1.0000 0.0000 0.5000 0.3985
10 1.0000 0.0000 0.5000 0.4479
11 0.9485 0.0000 0.5000 0.4954
12 0.9278 0.0000 0.5000 0.4745
13 0.9175 0.0000 0.5000 0.4802
14 0.9278 0.0000 0.5000 0.4407
15 0.9175 0.0000 0.5000 0.4639
16 0.7732 0.0000 0.5000 0.5360
1 1.0000 0.0000 0.5000 0.4554
2 0.9897 0.0000 0.5000 0.5529
3 1.0000 0.0000 0.5000 0.4688
4 1.0000 0.0000 0.5000 0.5036
5 1.0000 0.0000 0.5000 0.5250
6 1.0000 0.0000 0.5000 0.4802
7 1.0000 0.0000 0.5000 0.4635
8 1.0000 0.0000 0.5000 0.4299
9 1.0000 0.0000 0.5000 0.3985
10 1.0000 0.0000 0.5000 0.4479
11 0.9485 0.0000 0.5000 0.4954
12 0.9278 0.0000 0.5000 0.4745
13 0.9175 0.0000 0.5000 0.4802
14 0.9278 0.0000 0.5000 0.4407
15 0.9175 0.0000 0.5000 0.4639
16 0.7732 0.0000 0.5000 0.5360
17 0.8144 0.0000 0.5000 0.5302
18 0.8247 0.0000 0.5000 0.5156
19 0.8247 0.0000 0.5000 0.5081
20 0.8763 0.0000 0.5000 0.4749
21 0.9072 0.0000 0.5000 0.4522
22 0.9072 0.0000 0.5000 0.4541
23 0.7526 0.0000 0.5000 0.5489
24 0.7732 0.0000 0.5000 0.5388
25 0.7113 0.0000 0.5000 0.5982
26 0.8144 0.0000 0.5000 0.5145
27 0.9175 0.0000 0.5000 0.4400
28 0.9175 0.0000 0.5000 0.4488
29 0.7732 0.0000 0.5000 0.5450
30 0.7320 0.0000 0.5000 0.5480
31 0.8660 0.0000 0.5000 0.4768
32 0.9072 0.0000 0.5000 0.4388
33 0.8557 0.0000 0.5000 0.4896
34 0.7216 0.0000 0.5000 0.5646
35 0.8144 0.0000 0.5000 0.4874
36 0.7732 0.0000 0.5000 0.5195
37 0.9691 0.0000 0.5000 0.4130
38 0.8454 0.0000 0.5000 0.4556
39 0.8454 0.0000 0.5000 0.4650
40 0.8763 0.0000 0.5000 0.4525
41 0.9278 0.0000 0.5000 0.4214
42 0.8454 0.0000 0.5000 0.4857
43 0.7938 0.0000 0.5000 0.5202
44 0.7010 0.0000 0.5000 0.5725
45 0.8247 0.0000 0.5000 0.4919
46 0.8660 0.0000 0.5000 0.4530
47 0.8557 0.0000 0.5000 0.4774
48 0.8866 0.0000 0.5000 0.4529
49 0.8454 0.0000 0.5000 0.4793
50 0.8041 0.0000 0.5000 0.5181
51 0.7938 0.0000 0.5000 0.5336
52 0.7835 0.0000 0.5000 0.5364
53 0.8557 0.0000 0.5000 0.4843
54 0.8247 0.0000 0.5000 0.4815
55 0.8866 0.0000 0.5000 0.4279
56 0.8351 0.0000 0.5000 0.5010
57 0.7835 0.0000 0.5000 0.5208
58 0.8660 0.0000 0.5000 0.4649
59 0.8866 0.0000 0.5000 0.4382
60 0.8144 0.0000 0.5000 0.4800
61 0.8041 0.0000 0.5000 0.5039
62 0.8247 0.0000 0.5000 0.4781
63 0.7835 0.0000 0.5000 0.5296
64 0.8144 0.0000 0.5000 0.4977
65 0.6598 0.0000 0.5000 0.6090
66 0.7732 0.0000 0.5000 0.5160
67 0.8351 0.0000 0.5000 0.4706
68 0.8247 0.0000 0.5000 0.4799
69 0.8866 0.0000 0.5000 0.4438
70 0.8144 0.0000 0.5000 0.4959
71 0.7423 0.0000 0.5000 0.5588
72 0.8866 0.0000 0.5000 0.4592
73 0.7938 0.0000 0.5000 0.5004
74 0.7732 0.0000 0.5000 0.5116
75 0.8351 0.0000 0.5000 0.4657
76 0.8763 0.0000 0.5000 0.4388
77 0.8866 0.0000 0.5000 0.4342
78 0.8144 0.0000 0.5000 0.4872
79 0.8144 0.0000 0.5000 0.4848
80 0.9175 0.0000 0.5000 0.4276
81 0.7835 0.0000 0.5000 0.5287
82 0.9381 0.0000 0.5000 0.4180
83 0.8144 0.0000 0.5000 0.5066
84 0.8557 0.0000 0.5000 0.4672
85 0.8351 0.0000 0.5000 0.4694
86 0.8247 0.0000 0.5000 0.4899
87 0.8041 0.0000 0.5000 0.4958
88 0.9175 0.0000 0.5000 0.4223
89 0.8144 0.0000 0.5000 0.4888
90 0.7732 0.0000 0.5000 0.5386
91 0.8557 0.0000 0.5000 0.4585
92 0.7010 0.0000 0.5000 0.5875
93 0.8351 0.0000 0.5000 0.4854
94 0.8454 0.0000 0.5000 0.4788
95 0.7938 0.0000 0.5000 0.4746
96 0.9175 0.0000 0.5000 0.4207
97 0.8351 0.0000 0.5000 0.4627
98 0.8351 0.0000 0.5000 0.4644
99 0.7835 0.0000 0.5000 0.4940
100 0.8969 0.0000 0.5000 0.4280
